#
# A fatal error has been detected by the Java Runtime Environment:
#
#  SIGSEGV (0xb) at pc=0x0000000102030d10, pid=11989, tid=16643
#
# JRE version: Java(TM) SE Runtime Environment (8.0_45-b14) (build 1.8.0_45-b14)
# Java VM: Java HotSpot(TM) 64-Bit Server VM (25.45-b02 mixed mode bsd-amd64 compressed oops)
# Problematic frame:
# V  [libjvm.dylib+0x432d10]
#
# Failed to write core dump. Core dumps have been disabled. To enable core dumping, try "ulimit -c unlimited" before starting Java again
#
# If you would like to submit a bug report, please visit:
#   http://bugreport.java.com/bugreport/crash.jsp
#

---------------  T H R E A D  ---------------

Current thread (0x00007fb3db827800):  JavaThread "JDWP Transport Listener: dt_socket" daemon [_thread_in_vm, id=16643, stack(0x000000011aeeb000,0x000000011afeb000)]

siginfo: si_signo: 11 (SIGSEGV), si_code: 0 (unknown), si_addr: 0x0000000000000000

Registers:
RAX=0x0000000000000001, RBX=0x000000011afeaa8b, RCX=0x00000001023f8190, RDX=0x000000011afeaa8b
RSP=0x000000011afea9d0, RBP=0x000000011afea9e0, RSI=0x00007fb3db827800, RDI=0x004e00000000010d
R8 =0x0000000000000034, R9 =0x00007fb3dfa00000, R10=0x0000000000000020, R11=0x00007fb3dfa00000
R12=0x00007fb3db827800, R13=0x004e00000000010d, R14=0x004e00000000010d, R15=0x00007fb3dac1a0e0
RIP=0x0000000102030d10, EFLAGS=0x0000000000010202, ERR=0x0000000000000000
  TRAPNO=0x000000000000000d

Top of Stack: (sp=0x000000011afea9d0)
0x000000011afea9d0:   000000011afeaa8b 000000011afeaa8b
0x000000011afea9e0:   000000011afeaa40 0000000101f410d6
0x000000011afea9f0:   00007fb3db827800 0000000000000000
0x000000011afeaa00:   0000000000000000 0000000000000000
0x000000011afeaa10:   00007fb3db827800 00007fb3db827800
0x000000011afeaa20:   000000011afeaa8b 000000011afeaa90
0x000000011afeaa30:   004e00000000010d 0000000000000003
0x000000011afeaa40:   000000011afeaa60 0000000102ce5780
0x000000011afeaa50:   0000000000000001 000000011afeab08
0x000000011afeaa60:   000000011afeaad0 0000000102cca1f3
0x000000011afeaa70:   000000011afeaaa0 00007fb3dfa66070
0x000000011afeaa80:   0000000400000032 0000000100feab08
0x000000011afeaa90:   0000000000000000 0000000000000000
0x000000011afeaaa0:   0000000000000000 000000011afeac90
0x000000011afeaab0:   0000000102cece7a 00007fb3dfa65d60
0x000000011afeaac0:   000000011afeab08 0000000102cf8598
0x000000011afeaad0:   000000011afeaae0 0000000102cca2ec
0x000000011afeaae0:   000000011afead00 0000000102cd3898
0x000000011afeaaf0:   0000331500000013 00000000000f0200
0x000000011afeab00:   00007fb3dfa65bd0 000000011afeac1c
0x000000011afeab10:   00007fb300000068 000000011afeab20
0x000000011afeab20:   00007fb3000000c4 000000011afeab58
0x000000011afeab30:   0000000000000000 00007f0000000000
0x000000011afeab40:   000033150000001c 00007fff0000f080
0x000000011afeab50:   000000011afeab58 b37f000004000000
0x000000011afeab60:   08000000d855a6df 30246164626d616c
0x000000011afeab70:   616a4c2850000000 2f676e616c2f6176
0x000000011afeab80:   664c3b7373616c43 6972616369732f73
0x000000011afeab90:   74696e6f6d2f7375 68637461772f726f
0x000000011afeaba0:   6e6f4d492f737265 616a4c3b726f7469
0x000000011afeabb0:   2f6c6974752f6176 72746e452470614d
0x000000011afeabc0:   0000000056293b79 b37f00000a1000f0 

Instructions: (pc=0x0000000102030d10)
0x0000000102030cf0:   40 48 48 85 c0 75 e0 30 c0 0f b6 c0 5d c3 31 c0
0x0000000102030d00:   5d c3 55 48 89 e5 53 48 83 ec 08 48 85 ff 74 24
0x0000000102030d10:   48 8b 1f 48 85 db 74 1c 48 83 fb 37 74 16 48 8b
0x0000000102030d20:   03 48 89 df ff 50 10 84 c0 b8 00 00 00 00 48 0f 

Register to memory mapping:

RAX=0x0000000000000001 is an unknown value
RBX=0x000000011afeaa8b is pointing into the stack for thread: 0x00007fb3db827800
RCX=0x00000001023f8190: UseMembar+0 in /Library/Java/JavaVirtualMachines/jdk1.8.0_45.jdk/Contents/Home/jre/lib/server/libjvm.dylib at 0x0000000101bfe000
RDX=0x000000011afeaa8b is pointing into the stack for thread: 0x00007fb3db827800
RSP=0x000000011afea9d0 is pointing into the stack for thread: 0x00007fb3db827800
RBP=0x000000011afea9e0 is pointing into the stack for thread: 0x00007fb3db827800
RSI=0x00007fb3db827800 is a thread
RDI=0x004e00000000010d is an unknown value
R8 =0x0000000000000034 is an unknown value
R9 =0x00007fb3dfa00000 is an unknown value
R10=0x0000000000000020 is an unknown value
R11=0x00007fb3dfa00000 is an unknown value
R12=0x00007fb3db827800 is a thread
R13=0x004e00000000010d is an unknown value
R14=0x004e00000000010d is an unknown value
R15=0x00007fb3dac1a0e0 is an unknown value


Stack: [0x000000011aeeb000,0x000000011afeb000],  sp=0x000000011afea9d0,  free space=1022k
Native frames: (J=compiled Java code, j=interpreted, Vv=VM code, C=native code)
V  [libjvm.dylib+0x432d10]
V  [libjvm.dylib+0x3430d6]
C  [libjdwp.dylib+0x20780]  isMethodSynthetic+0x63
C  [libjdwp.dylib+0x51f3]  methods1+0x10b
C  [libjdwp.dylib+0x52ec]  methodsWithGeneric+0xe
C  [libjdwp.dylib+0xe898]  debugLoop_run+0x1ce
C  [libjdwp.dylib+0x1f6ba]  attachThread+0x4d
V  [libjvm.dylib+0x38401c]
V  [libjvm.dylib+0x549acf]
V  [libjvm.dylib+0x54b1c0]
V  [libjvm.dylib+0x46ea7e]
C  [libsystem_pthread.dylib+0x32fc]  _pthread_body+0x83
C  [libsystem_pthread.dylib+0x3279]  _pthread_body+0x0
C  [libsystem_pthread.dylib+0x14b1]  thread_start+0xd
C  0x0000000000000000


---------------  P R O C E S S  ---------------

Java Threads: ( => current thread )
  0x00007fb3de35c800 JavaThread "Abandoned connection cleanup thread" daemon [_thread_blocked, id=21251, stack(0x000000011db5c000,0x000000011dc5c000)]
  0x00007fb3de368800 JavaThread "Tomcat JDBC Pool Cleaner[349885916:1442707667399]" daemon [_thread_blocked, id=20739, stack(0x000000011d61b000,0x000000011d71b000)]
  0x00007fb3dc826000 JavaThread "Service Thread" daemon [_thread_blocked, id=19715, stack(0x000000011b4fd000,0x000000011b5fd000)]
  0x00007fb3dc02e000 JavaThread "C1 CompilerThread2" daemon [_thread_blocked, id=19203, stack(0x000000011b3fa000,0x000000011b4fa000)]
  0x00007fb3dc02d800 JavaThread "C2 CompilerThread1" daemon [_thread_blocked, id=18691, stack(0x000000011b2f7000,0x000000011b3f7000)]
  0x00007fb3dc02c000 JavaThread "C2 CompilerThread0" daemon [_thread_blocked, id=18179, stack(0x000000011b1f4000,0x000000011b2f4000)]
  0x00007fb3db03a000 JavaThread "JDWP Command Reader" daemon [_thread_in_native, id=17667, stack(0x000000011b0f1000,0x000000011b1f1000)]
  0x00007fb3db83d800 JavaThread "JDWP Event Helper Thread" daemon [_thread_blocked, id=17155, stack(0x000000011afee000,0x000000011b0ee000)]
=>0x00007fb3db827800 JavaThread "JDWP Transport Listener: dt_socket" daemon [_thread_in_vm, id=16643, stack(0x000000011aeeb000,0x000000011afeb000)]
  0x00007fb3dc00c000 JavaThread "Signal Dispatcher" daemon [_thread_blocked, id=16159, stack(0x000000011ade1000,0x000000011aee1000)]
  0x00007fb3db036000 JavaThread "Finalizer" daemon [_thread_blocked, id=11523, stack(0x00000001194aa000,0x00000001195aa000)]
  0x00007fb3db015800 JavaThread "Reference Handler" daemon [_thread_blocked, id=11011, stack(0x00000001193a7000,0x00000001194a7000)]
  0x00007fb3db018000 JavaThread "main" [_thread_blocked, id=3331, stack(0x0000000102b68000,0x0000000102c68000)]

Other Threads:
  0x00007fb3db820800 VMThread [stack: 0x00000001192a4000,0x00000001193a4000] [id=10499]
  0x00007fb3dc824000 WatcherThread [stack: 0x000000011b600000,0x000000011b700000] [id=20227]

VM state:not at safepoint (normal execution)

VM Mutex/Monitor currently owned by a thread: None

Heap:
 PSYoungGen      total 140800K, used 35767K [0x0000000795580000, 0x000000079e880000, 0x00000007c0000000)
  eden space 132608K, 26% used [0x0000000795580000,0x000000079786dee0,0x000000079d700000)
  from space 8192K, 0% used [0x000000079df80000,0x000000079df80000,0x000000079e780000)
  to   space 8704K, 0% used [0x000000079d700000,0x000000079d700000,0x000000079df80000)
 ParOldGen       total 57856K, used 7607K [0x0000000740000000, 0x0000000743880000, 0x0000000795580000)
  object space 57856K, 13% used [0x0000000740000000,0x000000074076df30,0x0000000743880000)
 Metaspace       used 26259K, capacity 26460K, committed 26752K, reserved 1073152K
  class space    used 3274K, capacity 3362K, committed 3456K, reserved 1048576K

Card table byte_map: [0x00000001129c0000,0x0000000112dc1000] byte_map_base: 0x000000010efc0000

Marking Bits: (ParMarkBitMap*) 0x00000001024c07a0
 Begin Bits: [0x0000000113478000, 0x0000000115478000)
 End Bits:   [0x0000000115478000, 0x0000000117478000)

Polling page: 0x0000000102cc4000

CodeCache: size=245760Kb used=10193Kb max_used=10239Kb free=235566Kb
 bounds [0x0000000103600000, 0x0000000104010000, 0x0000000112600000]
 total_blobs=3087 nmethods=2686 adapters=322
 compilation: enabled

Compilation events (10 events):
Event: 4.761 Thread 0x00007fb3dc02c000 nmethod 2673 0x0000000103fbcb10 code [0x0000000103fbcc60, 0x0000000103fbccd8]
Event: 4.761 Thread 0x00007fb3dc02c000 2692       4       ch.qos.logback.classic.Logger::isDebugEnabled (6 bytes)
Event: 4.768 Thread 0x00007fb3dc02c000 nmethod 2692 0x0000000103fbced0 code [0x0000000103fbd0a0, 0x0000000103fbd7e8]
Event: 4.768 Thread 0x00007fb3dc02c000 2693       4       ch.qos.logback.classic.Logger::isDebugEnabled (77 bytes)
Event: 4.776 Thread 0x00007fb3dc02c000 nmethod 2693 0x0000000103fb6290 code [0x0000000103fb6460, 0x0000000103fb6cc8]
Event: 4.816 Thread 0x00007fb3dc02d800 nmethod 2671 0x0000000103fec1d0 code [0x0000000103fece80, 0x0000000103ff6c20]
Event: 57.452 Thread 0x00007fb3dc02c000 2712   !   4       java.lang.ref.ReferenceQueue::remove (125 bytes)
Event: 57.457 Thread 0x00007fb3dc02c000 nmethod 2712 0x0000000103fb8b50 code [0x0000000103fb8ce0, 0x0000000103fb95a8]
Event: 202.831 Thread 0x00007fb3dc02e000 2713       1       org.apache.tomcat.jdbc.pool.ConnectionPool::getPoolProperties (5 bytes)
Event: 202.831 Thread 0x00007fb3dc02e000 nmethod 2713 0x0000000103fbc4d0 code [0x0000000103fbc620, 0x0000000103fbc730]

GC Heap History (10 events):
Event: 1.743 GC heap before
{Heap before GC invocations=3 (full 0):
 PSYoungGen      total 38400K, used 37606K [0x0000000795580000, 0x0000000798000000, 0x00000007c0000000)
  eden space 33280K, 100% used [0x0000000795580000,0x0000000797600000,0x0000000797600000)
  from space 5120K, 84% used [0x0000000797b00000,0x0000000797f39ba8,0x0000000798000000)
  to   space 5120K, 0% used [0x0000000797600000,0x0000000797600000,0x0000000797b00000)
 ParOldGen       total 87552K, used 24K [0x0000000740000000, 0x0000000745580000, 0x0000000795580000)
  object space 87552K, 0% used [0x0000000740000000,0x0000000740006000,0x0000000745580000)
 Metaspace       used 11382K, capacity 11538K, committed 11648K, reserved 1058816K
  class space    used 1381K, capacity 1405K, committed 1408K, reserved 1048576K
Event: 1.747 GC heap after
Heap after GC invocations=3 (full 0):
 PSYoungGen      total 38400K, used 5103K [0x0000000795580000, 0x000000079a080000, 0x00000007c0000000)
  eden space 33280K, 0% used [0x0000000795580000,0x0000000795580000,0x0000000797600000)
  from space 5120K, 99% used [0x0000000797600000,0x0000000797afbd48,0x0000000797b00000)
  to   space 5120K, 0% used [0x0000000799b80000,0x0000000799b80000,0x000000079a080000)
 ParOldGen       total 87552K, used 167K [0x0000000740000000, 0x0000000745580000, 0x0000000795580000)
  object space 87552K, 0% used [0x0000000740000000,0x0000000740029ec0,0x0000000745580000)
 Metaspace       used 11382K, capacity 11538K, committed 11648K, reserved 1058816K
  class space    used 1381K, capacity 1405K, committed 1408K, reserved 1048576K
}
Event: 2.258 GC heap before
{Heap before GC invocations=4 (full 0):
 PSYoungGen      total 38400K, used 38383K [0x0000000795580000, 0x000000079a080000, 0x00000007c0000000)
  eden space 33280K, 100% used [0x0000000795580000,0x0000000797600000,0x0000000797600000)
  from space 5120K, 99% used [0x0000000797600000,0x0000000797afbd48,0x0000000797b00000)
  to   space 5120K, 0% used [0x0000000799b80000,0x0000000799b80000,0x000000079a080000)
 ParOldGen       total 87552K, used 167K [0x0000000740000000, 0x0000000745580000, 0x0000000795580000)
  object space 87552K, 0% used [0x0000000740000000,0x0000000740029ec0,0x0000000745580000)
 Metaspace       used 14110K, capacity 14218K, committed 14336K, reserved 1062912K
  class space    used 1737K, capacity 1761K, committed 1792K, reserved 1048576K
Event: 2.266 GC heap after
Heap after GC invocations=4 (full 0):
 PSYoungGen      total 71680K, used 5107K [0x0000000795580000, 0x000000079a080000, 0x00000007c0000000)
  eden space 66560K, 0% used [0x0000000795580000,0x0000000795580000,0x0000000799680000)
  from space 5120K, 99% used [0x0000000799b80000,0x000000079a07cc80,0x000000079a080000)
  to   space 5120K, 0% used [0x0000000799680000,0x0000000799680000,0x0000000799b80000)
 ParOldGen       total 87552K, used 985K [0x0000000740000000, 0x0000000745580000, 0x0000000795580000)
  object space 87552K, 1% used [0x0000000740000000,0x00000007400f6490,0x0000000745580000)
 Metaspace       used 14110K, capacity 14218K, committed 14336K, reserved 1062912K
  class space    used 1737K, capacity 1761K, committed 1792K, reserved 1048576K
}
Event: 3.036 GC heap before
{Heap before GC invocations=5 (full 0):
 PSYoungGen      total 71680K, used 71667K [0x0000000795580000, 0x000000079a080000, 0x00000007c0000000)
  eden space 66560K, 100% used [0x0000000795580000,0x0000000799680000,0x0000000799680000)
  from space 5120K, 99% used [0x0000000799b80000,0x000000079a07cc80,0x000000079a080000)
  to   space 5120K, 0% used [0x0000000799680000,0x0000000799680000,0x0000000799b80000)
 ParOldGen       total 87552K, used 985K [0x0000000740000000, 0x0000000745580000, 0x0000000795580000)
  object space 87552K, 1% used [0x0000000740000000,0x00000007400f6490,0x0000000745580000)
 Metaspace       used 18027K, capacity 18172K, committed 18432K, reserved 1064960K
  class space    used 2164K, capacity 2180K, committed 2304K, reserved 1048576K
Event: 3.046 GC heap after
Heap after GC invocations=5 (full 0):
 PSYoungGen      total 71680K, used 5095K [0x0000000795580000, 0x000000079e780000, 0x00000007c0000000)
  eden space 66560K, 0% used [0x0000000795580000,0x0000000795580000,0x0000000799680000)
  from space 5120K, 99% used [0x0000000799680000,0x0000000799b79ca0,0x0000000799b80000)
  to   space 8192K, 0% used [0x000000079df80000,0x000000079df80000,0x000000079e780000)
 ParOldGen       total 87552K, used 3830K [0x0000000740000000, 0x0000000745580000, 0x0000000795580000)
  object space 87552K, 4% used [0x0000000740000000,0x00000007403bda98,0x0000000745580000)
 Metaspace       used 18027K, capacity 18172K, committed 18432K, reserved 1064960K
  class space    used 2164K, capacity 2180K, committed 2304K, reserved 1048576K
}
Event: 3.364 GC heap before
{Heap before GC invocations=6 (full 0):
 PSYoungGen      total 71680K, used 23736K [0x0000000795580000, 0x000000079e780000, 0x00000007c0000000)
  eden space 66560K, 28% used [0x0000000795580000,0x00000007967b4380,0x0000000799680000)
  from space 5120K, 99% used [0x0000000799680000,0x0000000799b79ca0,0x0000000799b80000)
  to   space 8192K, 0% used [0x000000079df80000,0x000000079df80000,0x000000079e780000)
 ParOldGen       total 87552K, used 3830K [0x0000000740000000, 0x0000000745580000, 0x0000000795580000)
  object space 87552K, 4% used [0x0000000740000000,0x00000007403bda98,0x0000000745580000)
 Metaspace       used 20938K, capacity 21110K, committed 21296K, reserved 1069056K
  class space    used 2546K, capacity 2625K, committed 2688K, reserved 1048576K
Event: 3.375 GC heap after
Heap after GC invocations=6 (full 0):
 PSYoungGen      total 140800K, used 7480K [0x0000000795580000, 0x000000079e880000, 0x00000007c0000000)
  eden space 132608K, 0% used [0x0000000795580000,0x0000000795580000,0x000000079d700000)
  from space 8192K, 91% used [0x000000079df80000,0x000000079e6ce100,0x000000079e780000)
  to   space 8704K, 0% used [0x000000079d700000,0x000000079d700000,0x000000079df80000)
 ParOldGen       total 87552K, used 3838K [0x0000000740000000, 0x0000000745580000, 0x0000000795580000)
  object space 87552K, 4% used [0x0000000740000000,0x00000007403bfa98,0x0000000745580000)
 Metaspace       used 20938K, capacity 21110K, committed 21296K, reserved 1069056K
  class space    used 2546K, capacity 2625K, committed 2688K, reserved 1048576K
}
Event: 3.375 GC heap before
{Heap before GC invocations=7 (full 1):
 PSYoungGen      total 140800K, used 7480K [0x0000000795580000, 0x000000079e880000, 0x00000007c0000000)
  eden space 132608K, 0% used [0x0000000795580000,0x0000000795580000,0x000000079d700000)
  from space 8192K, 91% used [0x000000079df80000,0x000000079e6ce100,0x000000079e780000)
  to   space 8704K, 0% used [0x000000079d700000,0x000000079d700000,0x000000079df80000)
 ParOldGen       total 87552K, used 3838K [0x0000000740000000, 0x0000000745580000, 0x0000000795580000)
  object space 87552K, 4% used [0x0000000740000000,0x00000007403bfa98,0x0000000745580000)
 Metaspace       used 20938K, capacity 21110K, committed 21296K, reserved 1069056K
  class space    used 2546K, capacity 2625K, committed 2688K, reserved 1048576K
Event: 3.415 GC heap after
Heap after GC invocations=7 (full 1):
 PSYoungGen      total 140800K, used 0K [0x0000000795580000, 0x000000079e880000, 0x00000007c0000000)
  eden space 132608K, 0% used [0x0000000795580000,0x0000000795580000,0x000000079d700000)
  from space 8192K, 0% used [0x000000079df80000,0x000000079df80000,0x000000079e780000)
  to   space 8704K, 0% used [0x000000079d700000,0x000000079d700000,0x000000079df80000)
 ParOldGen       total 57856K, used 7607K [0x0000000740000000, 0x0000000743880000, 0x0000000795580000)
  object space 57856K, 13% used [0x0000000740000000,0x000000074076df30,0x0000000743880000)
 Metaspace       used 20938K, capacity 21110K, committed 21296K, reserved 1069056K
  class space    used 2546K, capacity 2625K, committed 2688K, reserved 1048576K
}

Deoptimization events (10 events):
Event: 3.353 Thread 0x00007fb3db018000 Uncommon trap: reason=unhandled action=none pc=0x0000000103ee5348 method=java.net.URLClassLoader.findClass(Ljava/lang/String;)Ljava/lang/Class; @ 44
Event: 3.353 Thread 0x00007fb3db018000 Uncommon trap: reason=unhandled action=none pc=0x0000000103ee5348 method=java.net.URLClassLoader.findClass(Ljava/lang/String;)Ljava/lang/Class; @ 44
Event: 3.356 Thread 0x00007fb3db018000 Uncommon trap: reason=unhandled action=none pc=0x0000000103ee5348 method=java.net.URLClassLoader.findClass(Ljava/lang/String;)Ljava/lang/Class; @ 44
Event: 3.357 Thread 0x00007fb3db018000 Uncommon trap: reason=unhandled action=none pc=0x0000000103ee5348 method=java.net.URLClassLoader.findClass(Ljava/lang/String;)Ljava/lang/Class; @ 44
Event: 3.359 Thread 0x00007fb3db018000 Uncommon trap: reason=unhandled action=none pc=0x0000000103ee5348 method=java.net.URLClassLoader.findClass(Ljava/lang/String;)Ljava/lang/Class; @ 44
Event: 3.360 Thread 0x00007fb3db018000 Uncommon trap: reason=unhandled action=none pc=0x0000000103ee5348 method=java.net.URLClassLoader.findClass(Ljava/lang/String;)Ljava/lang/Class; @ 44
Event: 3.360 Thread 0x00007fb3db018000 Uncommon trap: reason=unhandled action=none pc=0x0000000103ee5348 method=java.net.URLClassLoader.findClass(Ljava/lang/String;)Ljava/lang/Class; @ 44
Event: 3.360 Thread 0x00007fb3db018000 Uncommon trap: reason=unhandled action=none pc=0x0000000103ee5348 method=java.net.URLClassLoader.findClass(Ljava/lang/String;)Ljava/lang/Class; @ 44
Event: 3.361 Thread 0x00007fb3db018000 Uncommon trap: reason=unstable_if action=reinterpret pc=0x0000000103ee3fc0 method=java.lang.ClassLoader.getClassLoadingLock(Ljava/lang/String;)Ljava/lang/Object; @ 6
Event: 3.531 Thread 0x00007fb3db018000 Uncommon trap: reason=bimorphic action=maybe_recompile pc=0x0000000103ee9b34 method=java.util.regex.Pattern$Curly.match0(Ljava/util/regex/Matcher;IILjava/lang/CharSequence;)Z @ 31

Internal exceptions (10 events):
Event: 3.101 Thread 0x00007fb3db018000 Exception <a 'java/lang/ClassNotFoundException': org/springframework/orm/jpa/LocalContainerEntityManagerFactoryBeanCustomizer> (0x0000000795848218) thrown at [/Users/java_re/workspace/8-2-build-macosx-x86_64/jdk8u45/3457/hotspot/src/share/vm/classfile/sys
Event: 3.310 Thread 0x00007fb3db018000 Exception <a 'java/lang/NoSuchFieldError': method resolution failed> (0x00000007963cde78) thrown at [/Users/java_re/workspace/8-2-build-macosx-x86_64/jdk8u45/3457/hotspot/src/share/vm/prims/methodHandles.cpp, line 1125]
Event: 3.315 Thread 0x00007fb3db018000 Exception <a 'java/lang/NoSuchFieldError': method resolution failed> (0x00000007963dc828) thrown at [/Users/java_re/workspace/8-2-build-macosx-x86_64/jdk8u45/3457/hotspot/src/share/vm/prims/methodHandles.cpp, line 1125]
Event: 3.578 Thread 0x00007fb3db018000 Exception <a 'java/lang/NullPointerException'> (0x000000079608df00) thrown at [/Users/java_re/workspace/8-2-build-macosx-x86_64/jdk8u45/3457/hotspot/src/share/vm/runtime/reflection.cpp, line 921]
Event: 3.896 Thread 0x00007fb3db018000 Exception <a 'java/lang/ClassNotFoundException': fs/sicarius/monitor/Application$$EnhancerBySpringCGLIB$$25528441BeanInfo> (0x000000079758ae50) thrown at [/Users/java_re/workspace/8-2-build-macosx-x86_64/jdk8u45/3457/hotspot/src/share/vm/classfile/systemD
Event: 3.897 Thread 0x00007fb3db018000 Exception <a 'java/lang/ClassNotFoundException': fs/sicarius/monitor/ApplicationBeanInfo> (0x000000079759a918) thrown at [/Users/java_re/workspace/8-2-build-macosx-x86_64/jdk8u45/3457/hotspot/src/share/vm/classfile/systemDictionary.cpp, line 210]
Event: 3.897 Thread 0x00007fb3db018000 Exception <a 'java/lang/ClassNotFoundException': fs/sicarius/monitor/ApplicationCustomizer> (0x00000007975aa870) thrown at [/Users/java_re/workspace/8-2-build-macosx-x86_64/jdk8u45/3457/hotspot/src/share/vm/classfile/systemDictionary.cpp, line 210]
Event: 3.898 Thread 0x00007fb3db018000 Exception <a 'java/lang/ClassNotFoundException': fs/sicarius/monitor/Application$$EnhancerBySpringCGLIB$$25528441Customizer> (0x00000007975c3b30) thrown at [/Users/java_re/workspace/8-2-build-macosx-x86_64/jdk8u45/3457/hotspot/src/share/vm/classfile/syste
Event: 3.908 Thread 0x00007fb3db018000 Exception <a 'java/lang/ClassNotFoundException': fs/sicarius/monitor/CheckerBeanInfo> (0x000000079763af30) thrown at [/Users/java_re/workspace/8-2-build-macosx-x86_64/jdk8u45/3457/hotspot/src/share/vm/classfile/systemDictionary.cpp, line 210]
Event: 3.908 Thread 0x00007fb3db018000 Exception <a 'java/lang/ClassNotFoundException': fs/sicarius/monitor/CheckerCustomizer> (0x0000000797649e10) thrown at [/Users/java_re/workspace/8-2-build-macosx-x86_64/jdk8u45/3457/hotspot/src/share/vm/classfile/systemDictionary.cpp, line 210]

Events (10 events):
Event: 11.201 Executing VM operation: GetOrSetLocal
Event: 11.201 Executing VM operation: GetOrSetLocal done
Event: 11.201 Executing VM operation: GetOrSetLocal
Event: 11.201 Executing VM operation: GetOrSetLocal done
Event: 11.202 Executing VM operation: GetOrSetLocal
Event: 11.202 Executing VM operation: GetOrSetLocal done
Event: 11.202 Executing VM operation: GetOrSetLocal
Event: 11.202 Executing VM operation: GetOrSetLocal done
Event: 279.142 Executing VM operation: RedefineClasses
Event: 279.165 Executing VM operation: RedefineClasses done


Dynamic libraries:
0x000000000061b000 	/System/Library/Frameworks/Cocoa.framework/Versions/A/Cocoa
0x000000000061b000 	/System/Library/Frameworks/Security.framework/Versions/A/Security
0x000000000061b000 	/System/Library/Frameworks/ApplicationServices.framework/Versions/A/ApplicationServices
0x000000000061b000 	/usr/lib/libz.1.dylib
0x000000000061b000 	/usr/lib/libSystem.B.dylib
0x000000000061b000 	/usr/lib/libobjc.A.dylib
0x000000000061b000 	/System/Library/Frameworks/CoreFoundation.framework/Versions/A/CoreFoundation
0x000000000061b000 	/System/Library/Frameworks/Foundation.framework/Versions/C/Foundation
0x000000000061b000 	/System/Library/Frameworks/AppKit.framework/Versions/C/AppKit
0x000000000061b000 	/System/Library/Frameworks/CoreData.framework/Versions/A/CoreData
0x000000000061b000 	/System/Library/PrivateFrameworks/RemoteViewServices.framework/Versions/A/RemoteViewServices
0x000000000061b000 	/System/Library/PrivateFrameworks/UIFoundation.framework/Versions/A/UIFoundation
0x000000000061b000 	/System/Library/Frameworks/IOSurface.framework/Versions/A/IOSurface
0x000000000061b000 	/System/Library/Frameworks/AudioToolbox.framework/Versions/A/AudioToolbox
0x000000000061b000 	/System/Library/Frameworks/AudioUnit.framework/Versions/A/AudioUnit
0x000000000061b000 	/System/Library/PrivateFrameworks/DataDetectorsCore.framework/Versions/A/DataDetectorsCore
0x000000000061b000 	/System/Library/PrivateFrameworks/DesktopServicesPriv.framework/Versions/A/DesktopServicesPriv
0x000000000061b000 	/System/Library/Frameworks/Carbon.framework/Versions/A/Frameworks/HIToolbox.framework/Versions/A/HIToolbox
0x000000000061b000 	/System/Library/Frameworks/QuartzCore.framework/Versions/A/QuartzCore
0x000000000061b000 	/System/Library/Frameworks/Carbon.framework/Versions/A/Frameworks/SpeechRecognition.framework/Versions/A/SpeechRecognition
0x000000000061b000 	/usr/lib/libauto.dylib
0x000000000061b000 	/usr/lib/libicucore.A.dylib
0x000000000061b000 	/usr/lib/libxml2.2.dylib
0x000000000061b000 	/System/Library/PrivateFrameworks/CoreUI.framework/Versions/A/CoreUI
0x000000000061b000 	/System/Library/Frameworks/CoreAudio.framework/Versions/A/CoreAudio
0x000000000061b000 	/System/Library/Frameworks/DiskArbitration.framework/Versions/A/DiskArbitration
0x000000000061b000 	/usr/lib/liblangid.dylib
0x000000000061b000 	/System/Library/PrivateFrameworks/MultitouchSupport.framework/Versions/A/MultitouchSupport
0x000000000061b000 	/System/Library/Frameworks/IOKit.framework/Versions/A/IOKit
0x000000000061b000 	/usr/lib/libDiagnosticMessagesClient.dylib
0x000000000061b000 	/System/Library/Frameworks/CoreServices.framework/Versions/A/CoreServices
0x000000000061b000 	/System/Library/PrivateFrameworks/PerformanceAnalysis.framework/Versions/A/PerformanceAnalysis
0x000000000061b000 	/System/Library/PrivateFrameworks/GenerationalStorage.framework/Versions/A/GenerationalStorage
0x000000000061b000 	/System/Library/Frameworks/OpenGL.framework/Versions/A/OpenGL
0x000000000061b000 	/System/Library/PrivateFrameworks/Sharing.framework/Versions/A/Sharing
0x000000000061b000 	/System/Library/Frameworks/CoreGraphics.framework/Versions/A/CoreGraphics
0x000000000061b000 	/System/Library/Frameworks/CoreText.framework/Versions/A/CoreText
0x000000000061b000 	/System/Library/Frameworks/ImageIO.framework/Versions/A/ImageIO
0x000000000061b000 	/usr/lib/libextension.dylib
0x000000000061b000 	/System/Library/PrivateFrameworks/Backup.framework/Versions/A/Backup
0x000000000061b000 	/usr/lib/libarchive.2.dylib
0x000000000061b000 	/System/Library/Frameworks/CFNetwork.framework/Versions/A/CFNetwork
0x000000000061b000 	/System/Library/Frameworks/SystemConfiguration.framework/Versions/A/SystemConfiguration
0x000000000061b000 	/usr/lib/libCRFSuite.dylib
0x000000000061b000 	/usr/lib/libc++.1.dylib
0x000000000061b000 	/usr/lib/libc++abi.dylib
0x000000000061b000 	/usr/lib/system/libcache.dylib
0x000000000061b000 	/usr/lib/system/libcommonCrypto.dylib
0x000000000061b000 	/usr/lib/system/libcompiler_rt.dylib
0x000000000061b000 	/usr/lib/system/libcopyfile.dylib
0x000000000061b000 	/usr/lib/system/libcorecrypto.dylib
0x000000000061b000 	/usr/lib/system/libdispatch.dylib
0x000000000061b000 	/usr/lib/system/libdyld.dylib
0x000000000061b000 	/usr/lib/system/libkeymgr.dylib
0x000000000061b000 	/usr/lib/system/liblaunch.dylib
0x000000000061b000 	/usr/lib/system/libmacho.dylib
0x000000000061b000 	/usr/lib/system/libquarantine.dylib
0x000000000061b000 	/usr/lib/system/libremovefile.dylib
0x000000000061b000 	/usr/lib/system/libsystem_asl.dylib
0x000000000061b000 	/usr/lib/system/libsystem_blocks.dylib
0x000000000061b000 	/usr/lib/system/libsystem_c.dylib
0x000000000061b000 	/usr/lib/system/libsystem_configuration.dylib
0x000000000061b000 	/usr/lib/system/libsystem_coreservices.dylib
0x000000000061b000 	/usr/lib/system/libsystem_coretls.dylib
0x000000000061b000 	/usr/lib/system/libsystem_dnssd.dylib
0x000000000061b000 	/usr/lib/system/libsystem_info.dylib
0x000000000061b000 	/usr/lib/system/libsystem_kernel.dylib
0x000000000061b000 	/usr/lib/system/libsystem_m.dylib
0x000000000061b000 	/usr/lib/system/libsystem_malloc.dylib
0x000000000061b000 	/usr/lib/system/libsystem_network.dylib
0x000000000061b000 	/usr/lib/system/libsystem_networkextension.dylib
0x000000000061b000 	/usr/lib/system/libsystem_notify.dylib
0x000000000061b000 	/usr/lib/system/libsystem_platform.dylib
0x000000000061b000 	/usr/lib/system/libsystem_pthread.dylib
0x000000000061b000 	/usr/lib/system/libsystem_sandbox.dylib
0x000000000061b000 	/usr/lib/system/libsystem_secinit.dylib
0x000000000061b000 	/usr/lib/system/libsystem_stats.dylib
0x000000000061b000 	/usr/lib/system/libsystem_trace.dylib
0x000000000061b000 	/usr/lib/system/libunc.dylib
0x000000000061b000 	/usr/lib/system/libunwind.dylib
0x000000000061b000 	/usr/lib/system/libxpc.dylib
0x000000000061b000 	/usr/lib/libbz2.1.0.dylib
0x000000000061b000 	/usr/lib/liblzma.5.dylib
0x000000000061b000 	/usr/lib/libbsm.0.dylib
0x000000000061b000 	/usr/lib/libsqlite3.dylib
0x000000000061b000 	/usr/lib/system/libkxld.dylib
0x000000000061b000 	/usr/lib/libxar.1.dylib
0x000000000061b000 	/usr/lib/libpam.2.dylib
0x000000000061b000 	/usr/lib/libOpenScriptingUtil.dylib
0x000000000061b000 	/System/Library/Frameworks/CoreServices.framework/Versions/A/Frameworks/FSEvents.framework/Versions/A/FSEvents
0x000000000061b000 	/System/Library/Frameworks/CoreServices.framework/Versions/A/Frameworks/CarbonCore.framework/Versions/A/CarbonCore
0x000000000061b000 	/System/Library/Frameworks/CoreServices.framework/Versions/A/Frameworks/Metadata.framework/Versions/A/Metadata
0x000000000061b000 	/System/Library/Frameworks/CoreServices.framework/Versions/A/Frameworks/OSServices.framework/Versions/A/OSServices
0x000000000061b000 	/System/Library/Frameworks/CoreServices.framework/Versions/A/Frameworks/SearchKit.framework/Versions/A/SearchKit
0x000000000061b000 	/System/Library/Frameworks/CoreServices.framework/Versions/A/Frameworks/AE.framework/Versions/A/AE
0x000000000061b000 	/System/Library/Frameworks/CoreServices.framework/Versions/A/Frameworks/LaunchServices.framework/Versions/A/LaunchServices
0x000000000061b000 	/System/Library/Frameworks/CoreServices.framework/Versions/A/Frameworks/DictionaryServices.framework/Versions/A/DictionaryServices
0x000000000061b000 	/System/Library/Frameworks/NetFS.framework/Versions/A/NetFS
0x000000000061b000 	/System/Library/PrivateFrameworks/NetAuth.framework/Versions/A/NetAuth
0x000000000061b000 	/System/Library/PrivateFrameworks/login.framework/Versions/A/Frameworks/loginsupport.framework/Versions/A/loginsupport
0x000000000061b000 	/System/Library/PrivateFrameworks/TCC.framework/Versions/A/TCC
0x000000000061b000 	/usr/lib/libmecabra.dylib
0x000000000061b000 	/System/Library/PrivateFrameworks/LanguageModeling.framework/Versions/A/LanguageModeling
0x000000000061b000 	/usr/lib/libcmph.dylib
0x000000000061b000 	/usr/lib/libiconv.2.dylib
0x000000000061b000 	/System/Library/Frameworks/OpenDirectory.framework/Versions/A/Frameworks/CFOpenDirectory.framework/Versions/A/CFOpenDirectory
0x000000000061b000 	/System/Library/Frameworks/ServiceManagement.framework/Versions/A/ServiceManagement
0x000000000061b000 	/usr/lib/libxslt.1.dylib
0x000000000061b000 	/System/Library/Frameworks/Carbon.framework/Versions/A/Frameworks/Ink.framework/Versions/A/Ink
0x000000000061b000 	/System/Library/Frameworks/ApplicationServices.framework/Versions/A/Frameworks/ATS.framework/Versions/A/ATS
0x000000000061b000 	/System/Library/Frameworks/ApplicationServices.framework/Versions/A/Frameworks/ColorSync.framework/Versions/A/ColorSync
0x000000000061b000 	/System/Library/Frameworks/ApplicationServices.framework/Versions/A/Frameworks/HIServices.framework/Versions/A/HIServices
0x000000000061b000 	/System/Library/Frameworks/ApplicationServices.framework/Versions/A/Frameworks/LangAnalysis.framework/Versions/A/LangAnalysis
0x000000000061b000 	/System/Library/Frameworks/ApplicationServices.framework/Versions/A/Frameworks/PrintCore.framework/Versions/A/PrintCore
0x000000000061b000 	/System/Library/Frameworks/ApplicationServices.framework/Versions/A/Frameworks/QD.framework/Versions/A/QD
0x000000000061b000 	/System/Library/Frameworks/ApplicationServices.framework/Versions/A/Frameworks/SpeechSynthesis.framework/Versions/A/SpeechSynthesis
0x000000000061b000 	/System/Library/Frameworks/Accelerate.framework/Versions/A/Accelerate
0x000000000061b000 	/System/Library/Frameworks/Accelerate.framework/Versions/A/Frameworks/vImage.framework/Versions/A/vImage
0x000000000061b000 	/System/Library/Frameworks/Accelerate.framework/Versions/A/Frameworks/vecLib.framework/Versions/A/vecLib
0x000000000061b000 	/System/Library/Frameworks/Accelerate.framework/Versions/A/Frameworks/vecLib.framework/Versions/A/libvDSP.dylib
0x000000000061b000 	/System/Library/Frameworks/Accelerate.framework/Versions/A/Frameworks/vecLib.framework/Versions/A/libvMisc.dylib
0x000000000061b000 	/System/Library/Frameworks/Accelerate.framework/Versions/A/Frameworks/vecLib.framework/Versions/A/libLAPACK.dylib
0x000000000061b000 	/System/Library/Frameworks/Accelerate.framework/Versions/A/Frameworks/vecLib.framework/Versions/A/libBLAS.dylib
0x000000000061b000 	/System/Library/Frameworks/Accelerate.framework/Versions/A/Frameworks/vecLib.framework/Versions/A/libLinearAlgebra.dylib
0x000000000061b000 	/System/Library/Frameworks/ApplicationServices.framework/Versions/A/Frameworks/ATS.framework/Versions/A/Resources/libFontParser.dylib
0x000000000061b000 	/System/Library/Frameworks/ApplicationServices.framework/Versions/A/Frameworks/ATS.framework/Versions/A/Resources/libFontRegistry.dylib
0x000000000061b000 	/System/Library/PrivateFrameworks/AppleVPA.framework/Versions/A/AppleVPA
0x000000000061b000 	/System/Library/PrivateFrameworks/AppleJPEG.framework/Versions/A/AppleJPEG
0x000000000061b000 	/System/Library/Frameworks/ImageIO.framework/Versions/A/Resources/libJPEG.dylib
0x000000000061b000 	/System/Library/Frameworks/ImageIO.framework/Versions/A/Resources/libTIFF.dylib
0x000000000061b000 	/System/Library/Frameworks/ImageIO.framework/Versions/A/Resources/libPng.dylib
0x000000000061b000 	/System/Library/Frameworks/ImageIO.framework/Versions/A/Resources/libGIF.dylib
0x000000000061b000 	/System/Library/Frameworks/ImageIO.framework/Versions/A/Resources/libJP2.dylib
0x000000000061b000 	/System/Library/Frameworks/ImageIO.framework/Versions/A/Resources/libRadiance.dylib
0x000000000061b000 	/System/Library/Frameworks/CoreVideo.framework/Versions/A/CoreVideo
0x000000000061b000 	/System/Library/Frameworks/OpenGL.framework/Versions/A/Libraries/libGLU.dylib
0x000000000061b000 	/System/Library/Frameworks/OpenGL.framework/Versions/A/Libraries/libGFXShared.dylib
0x000000000061b000 	/System/Library/Frameworks/OpenGL.framework/Versions/A/Libraries/libGL.dylib
0x000000000061b000 	/System/Library/Frameworks/OpenGL.framework/Versions/A/Libraries/libGLImage.dylib
0x000000000061b000 	/System/Library/Frameworks/OpenGL.framework/Versions/A/Libraries/libCVMSPluginSupport.dylib
0x000000000061b000 	/System/Library/Frameworks/OpenGL.framework/Versions/A/Libraries/libCoreVMClient.dylib
0x000000000061b000 	/usr/lib/libcups.2.dylib
0x000000000061b000 	/System/Library/Frameworks/Kerberos.framework/Versions/A/Kerberos
0x000000000061b000 	/System/Library/Frameworks/GSS.framework/Versions/A/GSS
0x000000000061b000 	/usr/lib/libresolv.9.dylib
0x000000000061b000 	/System/Library/PrivateFrameworks/Heimdal.framework/Versions/A/Heimdal
0x000000000061b000 	/usr/lib/libheimdal-asn1.dylib
0x000000000061b000 	/System/Library/Frameworks/OpenDirectory.framework/Versions/A/OpenDirectory
0x000000000061b000 	/System/Library/PrivateFrameworks/CommonAuth.framework/Versions/A/CommonAuth
0x000000000061b000 	/System/Library/Frameworks/SecurityFoundation.framework/Versions/A/SecurityFoundation
0x000000000061b000 	/System/Library/Frameworks/QuartzCore.framework/Versions/A/Frameworks/CoreImage.framework/Versions/A/CoreImage
0x000000000061b000 	/System/Library/PrivateFrameworks/CrashReporterSupport.framework/Versions/A/CrashReporterSupport
0x000000000061b000 	/System/Library/Frameworks/OpenCL.framework/Versions/A/OpenCL
0x000000000061b000 	/System/Library/PrivateFrameworks/FaceCore.framework/Versions/A/FaceCore
0x000000000061b000 	/System/Library/PrivateFrameworks/Ubiquity.framework/Versions/A/Ubiquity
0x000000000061b000 	/System/Library/PrivateFrameworks/IconServices.framework/Versions/A/IconServices
0x000000000061b000 	/System/Library/PrivateFrameworks/ChunkingLibrary.framework/Versions/A/ChunkingLibrary
0x000000000061b000 	/System/Library/PrivateFrameworks/Apple80211.framework/Versions/A/Apple80211
0x000000000061b000 	/System/Library/Frameworks/CoreWLAN.framework/Versions/A/CoreWLAN
0x000000000061b000 	/System/Library/Frameworks/IOBluetooth.framework/Versions/A/IOBluetooth
0x000000000061b000 	/System/Library/PrivateFrameworks/CoreWiFi.framework/Versions/A/CoreWiFi
0x000000000061b000 	/System/Library/Frameworks/CoreBluetooth.framework/Versions/A/CoreBluetooth
0x000000000061b000 	/System/Library/PrivateFrameworks/DebugSymbols.framework/Versions/A/DebugSymbols
0x000000000061b000 	/System/Library/PrivateFrameworks/CoreSymbolication.framework/Versions/A/CoreSymbolication
0x000000000061b000 	/System/Library/PrivateFrameworks/Symbolication.framework/Versions/A/Symbolication
0x000000000061b000 	/System/Library/PrivateFrameworks/SpeechRecognitionCore.framework/Versions/A/SpeechRecognitionCore
0x0000000101bfe000 	/Library/Java/JavaVirtualMachines/jdk1.8.0_45.jdk/Contents/Home/jre/lib/server/libjvm.dylib
0x000000000061b000 	/usr/lib/libstdc++.6.dylib
0x0000000102c81000 	/Library/Java/JavaVirtualMachines/jdk1.8.0_45.jdk/Contents/Home/jre/lib/libverify.dylib
0x0000000102c8f000 	/Library/Java/JavaVirtualMachines/jdk1.8.0_45.jdk/Contents/Home/jre/lib/libjava.dylib
0x0000000102cc5000 	/Library/Java/JavaVirtualMachines/jdk1.8.0_45.jdk/Contents/Home/jre/lib/libjdwp.dylib
0x0000000102d10000 	/Library/Java/JavaVirtualMachines/jdk1.8.0_45.jdk/Contents/Home/jre/lib/libnpt.dylib
0x0000000102d1d000 	/Library/Java/JavaVirtualMachines/jdk1.8.0_45.jdk/Contents/Home/jre/lib/libzip.dylib
0x00000001195ac000 	/System/Library/Frameworks/JavaVM.framework/Frameworks/JavaRuntimeSupport.framework/JavaRuntimeSupport
0x00000001195c2000 	/System/Library/Frameworks/JavaVM.framework/Versions/A/Frameworks/JavaNativeFoundation.framework/Versions/A/JavaNativeFoundation
0x0000000102df2000 	/System/Library/Frameworks/JavaVM.framework/Versions/A/JavaVM
0x000000000061b000 	/System/Library/Frameworks/Carbon.framework/Versions/A/Carbon
0x00000001195d6000 	/System/Library/PrivateFrameworks/JavaLaunching.framework/Versions/A/JavaLaunching
0x000000000061b000 	/System/Library/Frameworks/Carbon.framework/Versions/A/Frameworks/CommonPanels.framework/Versions/A/CommonPanels
0x000000000061b000 	/System/Library/Frameworks/Carbon.framework/Versions/A/Frameworks/Help.framework/Versions/A/Help
0x000000000061b000 	/System/Library/Frameworks/Carbon.framework/Versions/A/Frameworks/ImageCapture.framework/Versions/A/ImageCapture
0x000000000061b000 	/System/Library/Frameworks/Carbon.framework/Versions/A/Frameworks/OpenScripting.framework/Versions/A/OpenScripting
0x000000000061b000 	/System/Library/Frameworks/Carbon.framework/Versions/A/Frameworks/Print.framework/Versions/A/Print
0x000000000061b000 	/System/Library/Frameworks/Carbon.framework/Versions/A/Frameworks/SecurityHI.framework/Versions/A/SecurityHI
0x000000011aee3000 	/Library/Java/JavaVirtualMachines/jdk1.8.0_45.jdk/Contents/Home/jre/lib/libdt_socket.dylib
0x000000011bd98000 	/Library/Java/JavaVirtualMachines/jdk1.8.0_45.jdk/Contents/Home/jre/lib/libmanagement.dylib
0x000000011bda5000 	/Library/Java/JavaVirtualMachines/jdk1.8.0_45.jdk/Contents/Home/jre/lib/libnet.dylib

VM Arguments:
jvm_args: -agentlib:jdwp=transport=dt_socket,suspend=y,address=localhost:50347 -Dfile.encoding=UTF-8 
java_command: fs.sicarius.monitor.Application
java_class_path (initial): /Users/alonso/Documents/workspace-sts-3.7.0.RELEASE/sicarius-monitor/target/classes:/Users/alonso/.m2/repository/org/springframework/boot/spring-boot-starter-data-jpa/1.2.5.RELEASE/spring-boot-starter-data-jpa-1.2.5.RELEASE.jar:/Users/alonso/.m2/repository/org/springframework/boot/spring-boot-starter/1.2.5.RELEASE/spring-boot-starter-1.2.5.RELEASE.jar:/Users/alonso/.m2/repository/org/springframework/boot/spring-boot/1.2.5.RELEASE/spring-boot-1.2.5.RELEASE.jar:/Users/alonso/.m2/repository/org/springframework/boot/spring-boot-autoconfigure/1.2.5.RELEASE/spring-boot-autoconfigure-1.2.5.RELEASE.jar:/Users/alonso/.m2/repository/org/springframework/boot/spring-boot-starter-logging/1.2.5.RELEASE/spring-boot-starter-logging-1.2.5.RELEASE.jar:/Users/alonso/.m2/repository/org/slf4j/jul-to-slf4j/1.7.12/jul-to-slf4j-1.7.12.jar:/Users/alonso/.m2/repository/org/slf4j/log4j-over-slf4j/1.7.12/log4j-over-slf4j-1.7.12.jar:/Users/alonso/.m2/repository/ch/qos/logback/logback-classic/1.1.3/logback-classic-1.1.3.jar:/Users/alonso/.m2/repository/ch/qos/logback/logback-core/1.1.3/logback-core-1.1.3.jar:/Users/alonso/.m2/repository/org/yaml/snakeyaml/1.14/snakeyaml-1.14.jar:/Users/alonso/.m2/repository/org/springframework/boot/spring-boot-starter-aop/1.2.5.RELEASE/spring-boot-starter-aop-1.2.5.RELEASE.jar:/Users/alonso/.m2/repository/org/springframework/spring-aop/4.1.7.RELEASE/spring-aop-4.1.7.RELEASE.jar:/Users/alonso/.m2/repository/aopalliance/aopalliance/1.0/aopalliance-1.0.jar:/Users/alonso/.m2/repository/org/aspectj/aspectjrt/1.8.6/aspectjrt-1.8.6.jar:/Users/alonso/.m2/repository/org/aspectj/aspectjweaver/1.8.6/aspectjweaver-1.8.6.jar:/Users/alonso/.m2/repository/org/springframework/spring-core/4.1.7.RELEASE/spring-core-4.1.7.RELEASE.jar:/Users/alonso/.m2/repository/org/springframework/boot/spring-boot-starter-jdbc/1.2.5.RELEASE/spring-boot-starter-jdbc-1.2.5.RELEASE.jar:/Users/alonso/.m2/repository/org/springframework/spring-jdbc/4.1.7.RELEASE/spring-jdbc
Launcher Type: SUN_STANDARD

Environment Variables:
PATH=/usr/bin:/bin:/usr/sbin:/sbin
SHELL=/bin/bash
DISPLAY=/private/tmp/com.apple.launchd.pNJJnOewF7/org.macosforge.xquartz:0

Signal Handlers:
SIGSEGV: [libjvm.dylib+0x58ef95], sa_mask[0]=11111111011111110111111111111111, sa_flags=SA_ONSTACK|SA_RESTART|SA_SIGINFO
SIGBUS: [libjvm.dylib+0x58ef95], sa_mask[0]=11111111011111110111111111111111, sa_flags=SA_RESTART|SA_SIGINFO
SIGFPE: [libjvm.dylib+0x46c108], sa_mask[0]=11111111011111110111111111111111, sa_flags=SA_RESTART|SA_SIGINFO
SIGPIPE: [libjvm.dylib+0x46c108], sa_mask[0]=11111111011111110111111111111111, sa_flags=SA_RESTART|SA_SIGINFO
SIGXFSZ: [libjvm.dylib+0x46c108], sa_mask[0]=11111111011111110111111111111111, sa_flags=SA_RESTART|SA_SIGINFO
SIGILL: [libjvm.dylib+0x46c108], sa_mask[0]=11111111011111110111111111111111, sa_flags=SA_RESTART|SA_SIGINFO
SIGUSR1: SIG_DFL, sa_mask[0]=00000000000000000000000000000000, sa_flags=none
SIGUSR2: [libjvm.dylib+0x46bc26], sa_mask[0]=00100000000000000000000000000000, sa_flags=SA_RESTART|SA_SIGINFO
SIGHUP: [libjvm.dylib+0x46a1f9], sa_mask[0]=11111111011111110111111111111111, sa_flags=SA_RESTART|SA_SIGINFO
SIGINT: [libjvm.dylib+0x46a1f9], sa_mask[0]=11111111011111110111111111111111, sa_flags=SA_RESTART|SA_SIGINFO
SIGTERM: [libjvm.dylib+0x46a1f9], sa_mask[0]=11111111011111110111111111111111, sa_flags=SA_RESTART|SA_SIGINFO
SIGQUIT: [libjvm.dylib+0x46a1f9], sa_mask[0]=11111111011111110111111111111111, sa_flags=SA_RESTART|SA_SIGINFO


---------------  S Y S T E M  ---------------

OS:Bsduname:Darwin 14.0.0 Darwin Kernel Version 14.0.0: Fri Sep 19 00:26:44 PDT 2014; root:xnu-2782.1.97~2/RELEASE_X86_64 x86_64
rlimit: STACK 8192k, CORE 0k, NPROC 709, NOFILE 10240, AS infinity
load average:4.66 3.96 3.71

CPU:total 4 (4 cores per cpu, 1 threads per core) family 6 model 58 stepping 9, cmov, cx8, fxsr, mmx, sse, sse2, sse3, ssse3, sse4.1, sse4.2, popcnt, avx, aes, clmul, erms, tsc, tscinvbit, tscinv

Memory: 4k page, physical 8388608k(20356k free)

/proc/meminfo:


vm_info: Java HotSpot(TM) 64-Bit Server VM (25.45-b02) for bsd-amd64 JRE (1.8.0_45-b14), built on Apr 10 2015 10:46:38 by "java_re" with gcc 4.2.1 (Based on Apple Inc. build 5658) (LLVM build 2336.11.00)

time: Sun Sep 20 02:12:23 2015
elapsed time: 279 seconds (0d 0h 4m 39s)

